<?xml version="1.0" encoding="UTF-8"?>
<testsuite xmlns:xsi="http://www.w3.org/2001/XMLSchema-instance" xsi:noNamespaceSchemaLocation="https://maven.apache.org/surefire/maven-surefire-plugin/xsd/surefire-test-report.xsd" version="3.0.1" name="ca.yorku.cmg.lob.exchange.ExchangeTest" time="0.087" tests="1" errors="0" skipped="0" failures="1">
  <properties>
    <property name="java.specification.version" value="19"/>
    <property name="sun.cpu.isalist" value="amd64"/>
    <property name="sun.jnu.encoding" value="Cp1252"/>
    <property name="java.class.path" value="C:\Users\admin\itec3030-a1\target\test-classes;C:\Users\admin\itec3030-a1\target\classes;C:\Users\admin\.m2\repository\org\junit\jupiter\junit-jupiter-api\5.11.0\junit-jupiter-api-5.11.0.jar;C:\Users\admin\.m2\repository\org\opentest4j\opentest4j\1.3.0\opentest4j-1.3.0.jar;C:\Users\admin\.m2\repository\org\junit\platform\junit-platform-commons\1.11.0\junit-platform-commons-1.11.0.jar;C:\Users\admin\.m2\repository\org\apiguardian\apiguardian-api\1.1.2\apiguardian-api-1.1.2.jar;C:\Users\admin\.m2\repository\org\junit\jupiter\junit-jupiter-params\5.11.0\junit-jupiter-params-5.11.0.jar;C:\Users\admin\itec3030-a1\bin\lib\core-0.0.1-SNAPSHOT.jar;"/>
    <property name="java.vm.vendor" value="Oracle Corporation"/>
    <property name="sun.arch.data.model" value="64"/>
    <property name="user.variant" value=""/>
    <property name="java.vendor.url" value="https://java.oracle.com/"/>
    <property name="user.timezone" value="America/New_York"/>
    <property name="os.name" value="Windows 11"/>
    <property name="java.vm.specification.version" value="19"/>
    <property name="sun.java.launcher" value="SUN_STANDARD"/>
    <property name="user.country" value="ID"/>
    <property name="sun.boot.library.path" value="C:\Program Files\Java\jdk-19\bin"/>
    <property name="sun.java.command" value="C:\Users\admin\AppData\Local\Temp\surefire15793275745500568271\surefirebooter-20250208075522870_3.jar C:\Users\admin\AppData\Local\Temp\surefire15793275745500568271 2025-02-08T07-55-22_721-jvmRun1 surefire-20250208075522870_1tmp surefire_0-20250208075522870_2tmp"/>
    <property name="jdk.debug" value="release"/>
    <property name="surefire.test.class.path" value="C:\Users\admin\itec3030-a1\target\test-classes;C:\Users\admin\itec3030-a1\target\classes;C:\Users\admin\.m2\repository\org\junit\jupiter\junit-jupiter-api\5.11.0\junit-jupiter-api-5.11.0.jar;C:\Users\admin\.m2\repository\org\opentest4j\opentest4j\1.3.0\opentest4j-1.3.0.jar;C:\Users\admin\.m2\repository\org\junit\platform\junit-platform-commons\1.11.0\junit-platform-commons-1.11.0.jar;C:\Users\admin\.m2\repository\org\apiguardian\apiguardian-api\1.1.2\apiguardian-api-1.1.2.jar;C:\Users\admin\.m2\repository\org\junit\jupiter\junit-jupiter-params\5.11.0\junit-jupiter-params-5.11.0.jar;C:\Users\admin\itec3030-a1\bin\lib\core-0.0.1-SNAPSHOT.jar;"/>
    <property name="sun.cpu.endian" value="little"/>
    <property name="user.home" value="C:\Users\admin"/>
    <property name="user.language" value="en"/>
    <property name="java.specification.vendor" value="Oracle Corporation"/>
    <property name="java.version.date" value="2023-01-17"/>
    <property name="java.home" value="C:\Program Files\Java\jdk-19"/>
    <property name="file.separator" value="\"/>
    <property name="basedir" value="C:\Users\admin\itec3030-a1"/>
    <property name="java.vm.compressedOopsMode" value="Zero based"/>
    <property name="line.separator" value="&#10;"/>
    <property name="java.vm.specification.vendor" value="Oracle Corporation"/>
    <property name="java.specification.name" value="Java Platform API Specification"/>
    <property name="surefire.real.class.path" value="C:\Users\admin\AppData\Local\Temp\surefire15793275745500568271\surefirebooter-20250208075522870_3.jar"/>
    <property name="user.script" value=""/>
    <property name="sun.management.compiler" value="HotSpot 64-Bit Tiered Compilers"/>
    <property name="java.runtime.version" value="19.0.2+7-44"/>
    <property name="user.name" value="admin"/>
    <property name="stdout.encoding" value="Cp1252"/>
    <property name="path.separator" value=";"/>
    <property name="os.version" value="10.0"/>
    <property name="java.runtime.name" value="Java(TM) SE Runtime Environment"/>
    <property name="file.encoding" value="UTF-8"/>
    <property name="java.vm.name" value="Java HotSpot(TM) 64-Bit Server VM"/>
    <property name="localRepository" value="C:\Users\admin\.m2\repository"/>
    <property name="java.vendor.url.bug" value="https://bugreport.java.com/bugreport/"/>
    <property name="java.io.tmpdir" value="C:\Users\admin\AppData\Local\Temp\"/>
    <property name="java.version" value="19.0.2"/>
    <property name="user.dir" value="C:\Users\admin\itec3030-a1"/>
    <property name="os.arch" value="amd64"/>
    <property name="java.vm.specification.name" value="Java Virtual Machine Specification"/>
    <property name="sun.os.patch.level" value=""/>
    <property name="native.encoding" value="Cp1252"/>
    <property name="java.library.path" value="C:\Program Files\Java\jdk-19\bin;C:\WINDOWS\Sun\Java\bin;C:\WINDOWS\system32;C:\WINDOWS;C:\Program Files\Common Files\Oracle\Java\javapath;C:\Windows\system32;C:\Windows;C:\Windows\System32\Wbem;C:\Windows\System32\WindowsPowerShell\v1.0\;C:\Windows\System32\OpenSSH\;C:\Program Files (x86)\NVIDIA Corporation\PhysX\Common;C:\Program Files\NVIDIA Corporation\NVIDIA NvDLISR;C:\WINDOWS\system32;C:\WINDOWS;C:\WINDOWS\System32\Wbem;C:\WINDOWS\System32\WindowsPowerShell\v1.0\;C:\WINDOWS\System32\OpenSSH\;C:\Program Files\MATLAB\R2024a\bin;C:\Program Files\nodejs\;C:\Program Files\Git\cmd;C:\Program Files\dotnet\;C:\Program Files (x86)\Pulse Secure\VC142.CRT\X64\;C:\Program Files (x86)\Pulse Secure\VC142.CRT\X86\;C:\Program Files (x86)\Common Files\Pulse Secure\TNC Client Plugin\;C:\Users\admin\Downloads\apache-maven-3.9.9-bin\apache-maven-3.9.9\bin;C:\Program Files\MySQL\MySQL Shell 8.0\bin\;C:\Users\admin\AppData\Local\Programs\Python\Python312\Scripts\;C:\Users\admin\AppData\Local\Programs\Python\Python312\;C:\Users\admin\AppData\Local\Microsoft\WindowsApps;C:\Program Files\JetBrains\PyCharm Community Edition 2023.1.2\bin;;C:\Users\admin\AppData\Local\Programs\Microsoft VS Code\bin;C:\Program Files\JetBrains\PyCharm 2024.2.3\bin;;C:\Users\admin\AppData\Roaming\npm;C:\Users\admin\AppData\Local\GitHubDesktop\bin;."/>
    <property name="java.vm.info" value="mixed mode, sharing"/>
    <property name="stderr.encoding" value="Cp1252"/>
    <property name="java.vendor" value="Oracle Corporation"/>
    <property name="java.vm.version" value="19.0.2+7-44"/>
    <property name="sun.io.unicode.encoding" value="UnicodeLittle"/>
    <property name="java.class.version" value="63.0"/>
  </properties>
  <testcase name="testSubmitOrder" classname="ca.yorku.cmg.lob.exchange.ExchangeTest" time="0.059">
    <failure message="expected: &lt;[  3  MSFT   880.77        14       230     23]&#10;[  7  MSFT   914.54        27      1250    125]&#10;[  8  GOOG   249.41        23       870     87]&#10;[  6  GOOG   253.95        45       290     29]&#10;[  4  GOOG   267.21        21      1090    109]&#10;[  3  GOOG   278.70         5       160     16]&#10;[  7  GOOG   351.53        49       450     45]&#10;[  2  GOOG   455.82        20       470     47]&#10;[  4  META  1011.28        26       960     96]&#10;[  1  META  1061.73        26       500     50]&#10;[  2  META  1070.07        45       350     35]&#10;[  5  META  1074.56        20       840     84]&#10;[  4  NVDA   187.27        36      1230    123]&#10;[  1  NVDA   200.80        13      1150    115]&#10;[  8  NVDA   265.12         1       340     34]&#10;[  2  NVDA   287.82        27      1220    122]&#10;[  2  AAPL   273.57        21      1040    104]&#10;[  3  AAPL   361.50         2       480     48]&#10;[  5  AAPL   458.30        47      1120    112]&#10;[  6  AAPL   464.60        37       900     90]&#10;[  8  AAPL   496.14        49       540     54]&#10;[  7  AAPL   555.54        18       330     33]&#10;[  7  TSLA   657.61        27      1190    119]&#10;[  3  TSLA   722.30        38        30      3]&#10;[  7  AVGO   435.33        18      1110    111]&#10;[  1  AMZN   279.87        11      1010    101]&#10;[  4  AMZN   295.78        17       820     82]&#10;[  6  AMZN   303.42         8       360     36]&#10;[  5  AMZN   335.44        19      1130    113]&#10;[  3  AMZN   443.67        47       790     79]&#10;&gt; but was: &lt;[  3  MSFT   880.77        14       230     23]&#10;[  7  MSFT   914.54        27      1250    125]&#10;[  8  GOOG   249.41        23       870     87]&#10;[  6  GOOG   253.95        19       290     29]&#10;[  4  GOOG   267.21        21      1090    109]&#10;[  3  GOOG   278.70         5       160     16]&#10;[  7  GOOG   351.53        49       450     45]&#10;[  2  GOOG   455.82        20       470     47]&#10;[  4  META  1011.28        26       960     96]&#10;[  1  META  1061.73        26       500     50]&#10;[  2  META  1070.07        45       350     35]&#10;[  5  META  1074.56        20       840     84]&#10;[  4  NVDA   187.27        36      1230    123]&#10;[  1  NVDA   200.80        13      1150    115]&#10;[  8  NVDA   265.12         1       340     34]&#10;[  2  NVDA   287.82        27      1220    122]&#10;[  2  AAPL   273.57        14      1040    104]&#10;[  5  AAPL   458.30        47      1120    112]&#10;[  6  AAPL   464.60        10       900     90]&#10;[  8  AAPL   496.14        49       540     54]&#10;[  7  AAPL   555.54        18       330     33]&#10;[  7  TSLA   657.61        27      1190    119]&#10;[  3  TSLA   722.30        38        30      3]&#10;[  7  AVGO   435.33        18      1110    111]&#10;[  5  AMZN   335.44         7      1130    113]&#10;[  3  AMZN   443.67        47       790     79]&#10;&gt;" type="org.opentest4j.AssertionFailedError"><![CDATA[org.opentest4j.AssertionFailedError: 
expected: <[  3  MSFT   880.77        14       230     23]
[  7  MSFT   914.54        27      1250    125]
[  8  GOOG   249.41        23       870     87]
[  6  GOOG   253.95        45       290     29]
[  4  GOOG   267.21        21      1090    109]
[  3  GOOG   278.70         5       160     16]
[  7  GOOG   351.53        49       450     45]
[  2  GOOG   455.82        20       470     47]
[  4  META  1011.28        26       960     96]
[  1  META  1061.73        26       500     50]
[  2  META  1070.07        45       350     35]
[  5  META  1074.56        20       840     84]
[  4  NVDA   187.27        36      1230    123]
[  1  NVDA   200.80        13      1150    115]
[  8  NVDA   265.12         1       340     34]
[  2  NVDA   287.82        27      1220    122]
[  2  AAPL   273.57        21      1040    104]
[  3  AAPL   361.50         2       480     48]
[  5  AAPL   458.30        47      1120    112]
[  6  AAPL   464.60        37       900     90]
[  8  AAPL   496.14        49       540     54]
[  7  AAPL   555.54        18       330     33]
[  7  TSLA   657.61        27      1190    119]
[  3  TSLA   722.30        38        30      3]
[  7  AVGO   435.33        18      1110    111]
[  1  AMZN   279.87        11      1010    101]
[  4  AMZN   295.78        17       820     82]
[  6  AMZN   303.42         8       360     36]
[  5  AMZN   335.44        19      1130    113]
[  3  AMZN   443.67        47       790     79]
> but was: <[  3  MSFT   880.77        14       230     23]
[  7  MSFT   914.54        27      1250    125]
[  8  GOOG   249.41        23       870     87]
[  6  GOOG   253.95        19       290     29]
[  4  GOOG   267.21        21      1090    109]
[  3  GOOG   278.70         5       160     16]
[  7  GOOG   351.53        49       450     45]
[  2  GOOG   455.82        20       470     47]
[  4  META  1011.28        26       960     96]
[  1  META  1061.73        26       500     50]
[  2  META  1070.07        45       350     35]
[  5  META  1074.56        20       840     84]
[  4  NVDA   187.27        36      1230    123]
[  1  NVDA   200.80        13      1150    115]
[  8  NVDA   265.12         1       340     34]
[  2  NVDA   287.82        27      1220    122]
[  2  AAPL   273.57        14      1040    104]
[  5  AAPL   458.30        47      1120    112]
[  6  AAPL   464.60        10       900     90]
[  8  AAPL   496.14        49       540     54]
[  7  AAPL   555.54        18       330     33]
[  7  TSLA   657.61        27      1190    119]
[  3  TSLA   722.30        38        30      3]
[  7  AVGO   435.33        18      1110    111]
[  5  AMZN   335.44         7      1130    113]
[  3  AMZN   443.67        47       790     79]
>
	at org.junit.jupiter.api.AssertionFailureBuilder.build(AssertionFailureBuilder.java:151)
	at org.junit.jupiter.api.AssertionFailureBuilder.buildAndThrow(AssertionFailureBuilder.java:132)
	at org.junit.jupiter.api.AssertEquals.failNotEqual(AssertEquals.java:197)
	at org.junit.jupiter.api.AssertEquals.assertEquals(AssertEquals.java:182)
	at org.junit.jupiter.api.AssertEquals.assertEquals(AssertEquals.java:177)
	at org.junit.jupiter.api.Assertions.assertEquals(Assertions.java:1145)
	at ca.yorku.cmg.lob.exchange.ExchangeTest.testSubmitOrder(ExchangeTest.java:59)
	at java.base/java.lang.reflect.Method.invoke(Method.java:578)
	at java.base/java.util.ArrayList.forEach(ArrayList.java:1511)
	at java.base/java.util.ArrayList.forEach(ArrayList.java:1511)
]]></failure>
    <system-err><![CDATA[Order validation: buyer with ID 5 does not have enough balance: has $5,276.98 and tries to buy for $28,968.30
Order validation: buyer with ID 5 does not have enough balance: has $5,276.98 and tries to buy for $7,318.48
Order validation: buyer with ID 5 does not have enough balance: has $6,119.70 and tries to buy for $17,673.18
Order validation: buyer with ID 5 does not have enough balance: has $6,119.70 and tries to buy for $16,477.92
Order validation: seller with ID 7 not enough shares of AMZN: has 20 and tries to sell 44
Order validation: buyer with ID 5 does not have enough balance: has $7,880.72 and tries to buy for $16,101.12
]]></system-err>
  </testcase>
</testsuite>